[debug] [2024-08-16T13:16:00.175Z] ----------------------------------------------------------------------
[debug] [2024-08-16T13:16:00.177Z] Command:       /Users/sofiasantamaria/.nvm/versions/node/v20.15.1/bin/node /Users/sofiasantamaria/.nvm/versions/node/v20.15.1/bin/firebase deploy
[debug] [2024-08-16T13:16:00.177Z] CLI Version:   13.15.2
[debug] [2024-08-16T13:16:00.177Z] Platform:      darwin
[debug] [2024-08-16T13:16:00.177Z] Node Version:  v20.15.1
[debug] [2024-08-16T13:16:00.177Z] Time:          Fri Aug 16 2024 15:16:00 GMT+0200 (Central European Summer Time)
[debug] [2024-08-16T13:16:00.177Z] ----------------------------------------------------------------------
[debug] 
[debug] [2024-08-16T13:16:00.216Z] > command requires scopes: ["email","openid","https://www.googleapis.com/auth/cloudplatformprojects.readonly","https://www.googleapis.com/auth/firebase","https://www.googleapis.com/auth/cloud-platform"]
[debug] [2024-08-16T13:16:00.216Z] > authorizing via signed-in user (grountish@gmail.com)
[debug] [2024-08-16T13:16:00.216Z] [iam] checking project politocastelldefels for permissions ["firebase.projects.get","firebasehosting.sites.update"]
[debug] [2024-08-16T13:16:00.217Z] >>> [apiv2][query] POST https://cloudresourcemanager.googleapis.com/v1/projects/politocastelldefels:testIamPermissions [none]
[debug] [2024-08-16T13:16:00.217Z] >>> [apiv2][(partial)header] POST https://cloudresourcemanager.googleapis.com/v1/projects/politocastelldefels:testIamPermissions x-goog-quota-user=projects/politocastelldefels
[debug] [2024-08-16T13:16:00.217Z] >>> [apiv2][body] POST https://cloudresourcemanager.googleapis.com/v1/projects/politocastelldefels:testIamPermissions {"permissions":["firebase.projects.get","firebasehosting.sites.update"]}
[debug] [2024-08-16T13:16:00.694Z] <<< [apiv2][status] POST https://cloudresourcemanager.googleapis.com/v1/projects/politocastelldefels:testIamPermissions 200
[debug] [2024-08-16T13:16:00.694Z] <<< [apiv2][body] POST https://cloudresourcemanager.googleapis.com/v1/projects/politocastelldefels:testIamPermissions {}
[debug] [2024-08-16T13:16:00.694Z] [iam] error while checking permissions, command may fail: FirebaseError: Authorization failed. This account is missing the following required permissions on project politocastelldefels:

  firebase.projects.get
  firebasehosting.sites.update
[debug] [2024-08-16T13:16:00.695Z] >>> [apiv2][query] GET https://firebase.googleapis.com/v1beta1/projects/politocastelldefels [none]
[debug] [2024-08-16T13:16:01.201Z] <<< [apiv2][status] GET https://firebase.googleapis.com/v1beta1/projects/politocastelldefels 403
[debug] [2024-08-16T13:16:01.202Z] <<< [apiv2][body] GET https://firebase.googleapis.com/v1beta1/projects/politocastelldefels {"error":{"code":403,"message":"The caller does not have permission","status":"PERMISSION_DENIED"}}
[debug] [2024-08-16T13:16:01.204Z] HTTP Error: 403, The caller does not have permission
[debug] [2024-08-16T13:16:01.420Z] FirebaseError: HTTP Error: 403, The caller does not have permission
    at responseToError (/Users/sofiasantamaria/.nvm/versions/node/v20.15.1/lib/node_modules/firebase-tools/lib/responseToError.js:49:12)
    at RetryOperation._fn (/Users/sofiasantamaria/.nvm/versions/node/v20.15.1/lib/node_modules/firebase-tools/lib/apiv2.js:305:77)
    at process.processTicksAndRejections (node:internal/process/task_queues:95:5)
[error] 
[error] Error: Failed to get Firebase project politocastelldefels. Please make sure the project exists and your account has permission to access it.
[debug] [2024-08-16T13:16:17.338Z] ----------------------------------------------------------------------
[debug] [2024-08-16T13:16:17.340Z] Command:       /Users/sofiasantamaria/.nvm/versions/node/v20.15.1/bin/node /Users/sofiasantamaria/.nvm/versions/node/v20.15.1/bin/firebase deploy
[debug] [2024-08-16T13:16:17.340Z] CLI Version:   13.15.2
[debug] [2024-08-16T13:16:17.340Z] Platform:      darwin
[debug] [2024-08-16T13:16:17.340Z] Node Version:  v20.15.1
[debug] [2024-08-16T13:16:17.340Z] Time:          Fri Aug 16 2024 15:16:17 GMT+0200 (Central European Summer Time)
[debug] [2024-08-16T13:16:17.340Z] ----------------------------------------------------------------------
[debug] 
[debug] [2024-08-16T13:16:17.382Z] > command requires scopes: ["email","openid","https://www.googleapis.com/auth/cloudplatformprojects.readonly","https://www.googleapis.com/auth/firebase","https://www.googleapis.com/auth/cloud-platform"]
[debug] [2024-08-16T13:16:17.382Z] > authorizing via signed-in user (grountish@gmail.com)
[debug] [2024-08-16T13:16:17.382Z] [iam] checking project politocastelldefels for permissions ["firebase.projects.get","firebasehosting.sites.update"]
[debug] [2024-08-16T13:16:17.383Z] >>> [apiv2][query] POST https://cloudresourcemanager.googleapis.com/v1/projects/politocastelldefels:testIamPermissions [none]
[debug] [2024-08-16T13:16:17.383Z] >>> [apiv2][(partial)header] POST https://cloudresourcemanager.googleapis.com/v1/projects/politocastelldefels:testIamPermissions x-goog-quota-user=projects/politocastelldefels
[debug] [2024-08-16T13:16:17.383Z] >>> [apiv2][body] POST https://cloudresourcemanager.googleapis.com/v1/projects/politocastelldefels:testIamPermissions {"permissions":["firebase.projects.get","firebasehosting.sites.update"]}
[debug] [2024-08-16T13:16:18.514Z] <<< [apiv2][status] POST https://cloudresourcemanager.googleapis.com/v1/projects/politocastelldefels:testIamPermissions 200
[debug] [2024-08-16T13:16:18.515Z] <<< [apiv2][body] POST https://cloudresourcemanager.googleapis.com/v1/projects/politocastelldefels:testIamPermissions {}
[debug] [2024-08-16T13:16:18.515Z] [iam] error while checking permissions, command may fail: FirebaseError: Authorization failed. This account is missing the following required permissions on project politocastelldefels:

  firebase.projects.get
  firebasehosting.sites.update
[debug] [2024-08-16T13:16:18.516Z] >>> [apiv2][query] GET https://firebase.googleapis.com/v1beta1/projects/politocastelldefels [none]
[debug] [2024-08-16T13:16:19.122Z] <<< [apiv2][status] GET https://firebase.googleapis.com/v1beta1/projects/politocastelldefels 403
[debug] [2024-08-16T13:16:19.122Z] <<< [apiv2][body] GET https://firebase.googleapis.com/v1beta1/projects/politocastelldefels {"error":{"code":403,"message":"The caller does not have permission","status":"PERMISSION_DENIED"}}
[debug] [2024-08-16T13:16:19.123Z] HTTP Error: 403, The caller does not have permission
[debug] [2024-08-16T13:16:19.363Z] FirebaseError: HTTP Error: 403, The caller does not have permission
    at responseToError (/Users/sofiasantamaria/.nvm/versions/node/v20.15.1/lib/node_modules/firebase-tools/lib/responseToError.js:49:12)
    at RetryOperation._fn (/Users/sofiasantamaria/.nvm/versions/node/v20.15.1/lib/node_modules/firebase-tools/lib/apiv2.js:305:77)
    at process.processTicksAndRejections (node:internal/process/task_queues:95:5)
[error] 
[error] Error: Failed to get Firebase project politocastelldefels. Please make sure the project exists and your account has permission to access it.
